<?xml version="1.0" encoding="UTF-8"?>
<testsuite name="ChatMessageTest" tests="4" skipped="0" failures="0" errors="0" timestamp="2024-08-13T03:35:45" hostname="Brandons-MacBook-Air.local" time="0.063">
  <properties/>
  <testcase name="getFieldModifiers_arePrivate()" classname="ChatMessageTest" time="0.046"/>
  <testcase name="getMethods_retrieveClassFields_unchangedSinceConstruction()" classname="ChatMessageTest" time="0.01"/>
  <testcase name="getFieldModifiers_areFinal()" classname="ChatMessageTest" time="0.001"/>
  <testcase name="getClassModifiers_isFinal()" classname="ChatMessageTest" time="0.002"/>
  <system-out><![CDATA[]]></system-out>
  <system-err><![CDATA[]]></system-err>
</testsuite>
